npm ERR! code ERESOLVE
npm ERR! ERESOLVE unable to resolve dependency tree
npm ERR! 
npm ERR! While resolving: mantine-next-template@1.0.0
npm ERR! Found: next@13.5.4-canary.4
npm ERR! node_modules/next
npm ERR!   next@"^13.5.4-canary.4" from the root project
npm ERR! 
npm ERR! Could not resolve dependency:
npm ERR! peer next@"^9.0.0 || ^10.0.0 || ^11.0.0 || ^12.0.0 || ^13.0.0" from @storybook/nextjs@7.4.5
npm ERR! node_modules/@storybook/nextjs
npm ERR!   dev @storybook/nextjs@"^7.4.5" from the root project
npm ERR! 
npm ERR! Fix the upstream dependency conflict, or retry
npm ERR! this command with --force or --legacy-peer-deps
npm ERR! to accept an incorrect (and potentially broken) dependency resolution.
npm ERR! 
npm ERR! 
npm ERR! For a full report see:
npm ERR! /home/borys/.npm/_logs/2023-09-28T10_32_57_623Z-eresolve-report.txt

npm ERR! A complete log of this run can be found in: /home/borys/.npm/_logs/2023-09-28T10_32_57_623Z-debug-0.log
